<?xml version="1.0" encoding="UTF-8" ?>
<testsuite tests="9" failures="0" name="co.luism.ksoft.iot.utils.test.TestMainSuite" time="3.27" errors="0" skipped="0">
  <properties>
[...]
</properties>
  <testcase classname="co.luism.ksoft.iot.utils.test.TestMainSuite" name="test01LoadODS" time="1.102"/>
  <testcase classname="co.luism.ksoft.iot.utils.test.TestMainSuite" name="test02LoadXml" time="0.103"/>
  <testcase classname="co.luism.ksoft.iot.utils.test.TestMainSuite" name="test03SaveODS" time="0.957"/>
  <testcase classname="co.luism.ksoft.iot.utils.test.TestMainSuite" name="test04SaveXML" time="0.088"/>
  <testcase classname="co.luism.ksoft.iot.utils.test.TestMainSuite" name="test05LoadBufferAndCategoriesfromODS" time="0.392"/>
  <testcase classname="co.luism.ksoft.iot.utils.test.TestMainSuite" name="test06LoadTrainfromODS" time="0.236"/>
  <testcase classname="co.luism.ksoft.iot.utils.test.TestMainSuite" name="test07LoadBufferAndSaveDataLogger" time="0.348"/>
  <testcase classname="co.luism.ksoft.iot.utils.test.TestMainSuite" name="test08LoadFromFloxmlBufferAndSaveDataLogger" time="0.044"/>
  <testcase classname="co.luism.ksoft.iot.utils.test.TestMainSuite" name="test09GetMD5Hash" time="0"/>
</testsuite>